<?xml version="1.0" encoding="UTF-8"?>
<testng-results ignored="0" total="1" passed="1" failed="0" skipped="0">
  <reporter-output>
  </reporter-output>
  <suite started-at="2022-12-02T21:06:42 IST" name="Default suite" finished-at="2022-12-02T21:06:57 IST" duration-ms="15030">
    <groups>
    </groups>
    <test started-at="2022-12-02T21:06:42 IST" name="Default test" finished-at="2022-12-02T21:06:57 IST" duration-ms="15030">
      <class name="mbile_automation_new.new_automation_mobile.Scroll_down">
        <test-method is-config="true" signature="init()[pri:0, instance:mbile_automation_new.new_automation_mobile.Scroll_down@647e447]" started-at="2022-12-02T21:06:42 IST" name="init" finished-at="2022-12-02T21:06:53 IST" duration-ms="11556" status="PASS">
          <reporter-output>
          </reporter-output>
        </test-method> <!-- init -->
        <test-method signature="testcase3()[pri:0, instance:mbile_automation_new.new_automation_mobile.Scroll_down@647e447]" started-at="2022-12-02T21:06:53 IST" name="testcase3" finished-at="2022-12-02T21:06:57 IST" duration-ms="3414" status="PASS">
          <reporter-output>
          </reporter-output>
        </test-method> <!-- testcase3 -->
      </class> <!-- mbile_automation_new.new_automation_mobile.Scroll_down -->
    </test> <!-- Default test -->
  </suite> <!-- Default suite -->
</testng-results>
